[     136ms] [INFO] %cDownload the React DevTools for a better development experience: https://react.dev/link/react-devtools font-weight:bold @ http://localhost:9002/_next/static/chunks/node_modules_next_dist_compiled_react-dom_1e674e59._.js:14537
[   30151ms] [LOG] Overall Hit Rate: 0.00% @ http://localhost:9002/_next/static/chunks/%5Broot-of-the-server%5D__6e30a7ee._.js:900
[   30151ms] [TABLE] [] @ http://localhost:9002/_next/static/chunks/%5Broot-of-the-server%5D__6e30a7ee._.js:901
[   30151ms] [LOG] Overall Hit Rate: 0.00% @ http://localhost:9002/_next/static/chunks/%5Broot-of-the-server%5D__6e30a7ee._.js:900
[   30151ms] [TABLE] [] @ http://localhost:9002/_next/static/chunks/%5Broot-of-the-server%5D__6e30a7ee._.js:901
[   60152ms] [LOG] Overall Hit Rate: 0.00% @ http://localhost:9002/_next/static/chunks/%5Broot-of-the-server%5D__6e30a7ee._.js:900
[   60153ms] [TABLE] [] @ http://localhost:9002/_next/static/chunks/%5Broot-of-the-server%5D__6e30a7ee._.js:901
[   60153ms] [LOG] Overall Hit Rate: 0.00% @ http://localhost:9002/_next/static/chunks/%5Broot-of-the-server%5D__6e30a7ee._.js:900
[   60153ms] [TABLE] [] @ http://localhost:9002/_next/static/chunks/%5Broot-of-the-server%5D__6e30a7ee._.js:901
[   90152ms] [LOG] Overall Hit Rate: 0.00% @ http://localhost:9002/_next/static/chunks/%5Broot-of-the-server%5D__6e30a7ee._.js:900
[   90152ms] [TABLE] [] @ http://localhost:9002/_next/static/chunks/%5Broot-of-the-server%5D__6e30a7ee._.js:901
[   90152ms] [LOG] Overall Hit Rate: 0.00% @ http://localhost:9002/_next/static/chunks/%5Broot-of-the-server%5D__6e30a7ee._.js:900
[   90152ms] [TABLE] [] @ http://localhost:9002/_next/static/chunks/%5Broot-of-the-server%5D__6e30a7ee._.js:901
[  120152ms] [LOG] Overall Hit Rate: 0.00% @ http://localhost:9002/_next/static/chunks/%5Broot-of-the-server%5D__6e30a7ee._.js:900
[  120153ms] [TABLE] [] @ http://localhost:9002/_next/static/chunks/%5Broot-of-the-server%5D__6e30a7ee._.js:901
[  120153ms] [LOG] Overall Hit Rate: 0.00% @ http://localhost:9002/_next/static/chunks/%5Broot-of-the-server%5D__6e30a7ee._.js:900
[  120153ms] [TABLE] [] @ http://localhost:9002/_next/static/chunks/%5Broot-of-the-server%5D__6e30a7ee._.js:901
[  150153ms] [LOG] Overall Hit Rate: 0.00% @ http://localhost:9002/_next/static/chunks/%5Broot-of-the-server%5D__6e30a7ee._.js:900
[  150153ms] [TABLE] [] @ http://localhost:9002/_next/static/chunks/%5Broot-of-the-server%5D__6e30a7ee._.js:901
[  150153ms] [LOG] Overall Hit Rate: 0.00% @ http://localhost:9002/_next/static/chunks/%5Broot-of-the-server%5D__6e30a7ee._.js:900
[  150153ms] [TABLE] [] @ http://localhost:9002/_next/static/chunks/%5Broot-of-the-server%5D__6e30a7ee._.js:901
[  180154ms] [LOG] Overall Hit Rate: 0.00% @ http://localhost:9002/_next/static/chunks/%5Broot-of-the-server%5D__6e30a7ee._.js:900
[  180154ms] [TABLE] [] @ http://localhost:9002/_next/static/chunks/%5Broot-of-the-server%5D__6e30a7ee._.js:901
[  180154ms] [LOG] Overall Hit Rate: 0.00% @ http://localhost:9002/_next/static/chunks/%5Broot-of-the-server%5D__6e30a7ee._.js:900
[  180154ms] [TABLE] [] @ http://localhost:9002/_next/static/chunks/%5Broot-of-the-server%5D__6e30a7ee._.js:901
[  198935ms] [LOG] [Fast Refresh] rebuilding @ http://localhost:9002/_next/static/chunks/node_modules_next_dist_client_cf1d9188._.js:5949
[  199004ms] [LOG] [Fast Refresh] done in 10ms @ http://localhost:9002/_next/static/chunks/node_modules_next_dist_client_cf1d9188._.js:5809
[  199105ms] [LOG] [Fast Refresh] rebuilding @ http://localhost:9002/_next/static/chunks/node_modules_next_dist_client_cf1d9188._.js:5949
[  199151ms] [ERROR] Failed to load resource: the server responded with a status of 404 (Not Found) @ http://localhost:9002/preview-wiederland?g=play&_rsc=bx3hu:0
[  199152ms] [LOG] [Fast Refresh] done in 148ms @ http://localhost:9002/_next/static/chunks/node_modules_next_dist_client_cf1d9188._.js:5809
[  199181ms] [ERROR] Failed to load resource: the server responded with a status of 404 (Not Found) @ http://localhost:9002/preview-wiederland?g=play&_rsc=bx3hu:0
[  199254ms] [LOG] [Fast Refresh] rebuilding @ http://localhost:9002/_next/static/chunks/node_modules_next_dist_client_cf1d9188._.js:5949
[  199322ms] [LOG] [Fast Refresh] done in 169ms @ http://localhost:9002/_next/static/chunks/node_modules_next_dist_client_cf1d9188._.js:5809
[  199331ms] [ERROR] Failed to load resource: the server responded with a status of 404 (Not Found) @ http://localhost:9002/preview-wiederland?g=play:0
[  199378ms] [INFO] %cDownload the React DevTools for a better development experience: https://react.dev/link/react-devtools font-weight:bold @ http://localhost:9002/_next/static/chunks/node_modules_next_dist_compiled_react-dom_1e674e59._.js:14537
[  229390ms] [LOG] Overall Hit Rate: 0.00% @ http://localhost:9002/_next/static/chunks/%5Broot-of-the-server%5D__6e30a7ee._.js:900
[  229390ms] [TABLE] [] @ http://localhost:9002/_next/static/chunks/%5Broot-of-the-server%5D__6e30a7ee._.js:901
[  229390ms] [LOG] Overall Hit Rate: 0.00% @ http://localhost:9002/_next/static/chunks/%5Broot-of-the-server%5D__6e30a7ee._.js:900
[  229391ms] [TABLE] [] @ http://localhost:9002/_next/static/chunks/%5Broot-of-the-server%5D__6e30a7ee._.js:901
[  255740ms] [LOG] [Fast Refresh] rebuilding @ http://localhost:9002/_next/static/chunks/node_modules_next_dist_client_cf1d9188._.js:5949
[  255898ms] [LOG] [Fast Refresh] done in 259ms @ http://localhost:9002/_next/static/chunks/node_modules_next_dist_client_cf1d9188._.js:5809
[  256406ms] [LOG] [Fast Refresh] rebuilding @ http://localhost:9002/_next/static/chunks/node_modules_next_dist_client_cf1d9188._.js:5949
[  256522ms] [LOG] [Fast Refresh] done in 217ms @ http://localhost:9002/_next/static/chunks/node_modules_next_dist_client_cf1d9188._.js:5809
[  256896ms] [LOG] [Fast Refresh] rebuilding @ http://localhost:9002/_next/static/chunks/node_modules_next_dist_client_cf1d9188._.js:5949
[  257063ms] [LOG] [Fast Refresh] done in 268ms @ http://localhost:9002/_next/static/chunks/node_modules_next_dist_client_cf1d9188._.js:5809
[  257418ms] [LOG] [Fast Refresh] rebuilding @ http://localhost:9002/_next/static/chunks/node_modules_next_dist_client_cf1d9188._.js:5949
[  257565ms] [LOG] [Fast Refresh] done in 247ms @ http://localhost:9002/_next/static/chunks/node_modules_next_dist_client_cf1d9188._.js:5809
[  259390ms] [LOG] Overall Hit Rate: 0.00% @ http://localhost:9002/_next/static/chunks/%5Broot-of-the-server%5D__6e30a7ee._.js:900
[  259390ms] [TABLE] [] @ http://localhost:9002/_next/static/chunks/%5Broot-of-the-server%5D__6e30a7ee._.js:901
[  259391ms] [LOG] Overall Hit Rate: 0.00% @ http://localhost:9002/_next/static/chunks/%5Broot-of-the-server%5D__6e30a7ee._.js:900
[  259391ms] [TABLE] [] @ http://localhost:9002/_next/static/chunks/%5Broot-of-the-server%5D__6e30a7ee._.js:901
[  289390ms] [LOG] Overall Hit Rate: 0.00% @ http://localhost:9002/_next/static/chunks/%5Broot-of-the-server%5D__6e30a7ee._.js:900
[  289390ms] [TABLE] [] @ http://localhost:9002/_next/static/chunks/%5Broot-of-the-server%5D__6e30a7ee._.js:901
[  289391ms] [LOG] Overall Hit Rate: 0.00% @ http://localhost:9002/_next/static/chunks/%5Broot-of-the-server%5D__6e30a7ee._.js:900
[  289391ms] [TABLE] [] @ http://localhost:9002/_next/static/chunks/%5Broot-of-the-server%5D__6e30a7ee._.js:901
[  319390ms] [LOG] Overall Hit Rate: 0.00% @ http://localhost:9002/_next/static/chunks/%5Broot-of-the-server%5D__6e30a7ee._.js:900
[  319390ms] [TABLE] [] @ http://localhost:9002/_next/static/chunks/%5Broot-of-the-server%5D__6e30a7ee._.js:901
[  319390ms] [LOG] Overall Hit Rate: 0.00% @ http://localhost:9002/_next/static/chunks/%5Broot-of-the-server%5D__6e30a7ee._.js:900
[  319390ms] [TABLE] [] @ http://localhost:9002/_next/static/chunks/%5Broot-of-the-server%5D__6e30a7ee._.js:901
[  349391ms] [LOG] Overall Hit Rate: 0.00% @ http://localhost:9002/_next/static/chunks/%5Broot-of-the-server%5D__6e30a7ee._.js:900
[  349392ms] [TABLE] [] @ http://localhost:9002/_next/static/chunks/%5Broot-of-the-server%5D__6e30a7ee._.js:901
[  349392ms] [LOG] Overall Hit Rate: 0.00% @ http://localhost:9002/_next/static/chunks/%5Broot-of-the-server%5D__6e30a7ee._.js:900
[  349392ms] [TABLE] [] @ http://localhost:9002/_next/static/chunks/%5Broot-of-the-server%5D__6e30a7ee._.js:901
[  379391ms] [LOG] Overall Hit Rate: 0.00% @ http://localhost:9002/_next/static/chunks/%5Broot-of-the-server%5D__6e30a7ee._.js:900
[  379391ms] [TABLE] [] @ http://localhost:9002/_next/static/chunks/%5Broot-of-the-server%5D__6e30a7ee._.js:901
[  379391ms] [LOG] Overall Hit Rate: 0.00% @ http://localhost:9002/_next/static/chunks/%5Broot-of-the-server%5D__6e30a7ee._.js:900
[  379392ms] [TABLE] [] @ http://localhost:9002/_next/static/chunks/%5Broot-of-the-server%5D__6e30a7ee._.js:901
[  409391ms] [LOG] Overall Hit Rate: 0.00% @ http://localhost:9002/_next/static/chunks/%5Broot-of-the-server%5D__6e30a7ee._.js:900
[  409391ms] [TABLE] [] @ http://localhost:9002/_next/static/chunks/%5Broot-of-the-server%5D__6e30a7ee._.js:901
[  409391ms] [LOG] Overall Hit Rate: 0.00% @ http://localhost:9002/_next/static/chunks/%5Broot-of-the-server%5D__6e30a7ee._.js:900
[  409391ms] [TABLE] [] @ http://localhost:9002/_next/static/chunks/%5Broot-of-the-server%5D__6e30a7ee._.js:901
[  439391ms] [LOG] Overall Hit Rate: 0.00% @ http://localhost:9002/_next/static/chunks/%5Broot-of-the-server%5D__6e30a7ee._.js:900
[  439391ms] [TABLE] [] @ http://localhost:9002/_next/static/chunks/%5Broot-of-the-server%5D__6e30a7ee._.js:901
[  439392ms] [LOG] Overall Hit Rate: 0.00% @ http://localhost:9002/_next/static/chunks/%5Broot-of-the-server%5D__6e30a7ee._.js:900
[  439392ms] [TABLE] [] @ http://localhost:9002/_next/static/chunks/%5Broot-of-the-server%5D__6e30a7ee._.js:901
[  469392ms] [LOG] Overall Hit Rate: 0.00% @ http://localhost:9002/_next/static/chunks/%5Broot-of-the-server%5D__6e30a7ee._.js:900
[  469392ms] [TABLE] [] @ http://localhost:9002/_next/static/chunks/%5Broot-of-the-server%5D__6e30a7ee._.js:901
[  469392ms] [LOG] Overall Hit Rate: 0.00% @ http://localhost:9002/_next/static/chunks/%5Broot-of-the-server%5D__6e30a7ee._.js:900
[  469392ms] [TABLE] [] @ http://localhost:9002/_next/static/chunks/%5Broot-of-the-server%5D__6e30a7ee._.js:901
[  499392ms] [LOG] Overall Hit Rate: 0.00% @ http://localhost:9002/_next/static/chunks/%5Broot-of-the-server%5D__6e30a7ee._.js:900
[  499392ms] [TABLE] [] @ http://localhost:9002/_next/static/chunks/%5Broot-of-the-server%5D__6e30a7ee._.js:901
[  499392ms] [LOG] Overall Hit Rate: 0.00% @ http://localhost:9002/_next/static/chunks/%5Broot-of-the-server%5D__6e30a7ee._.js:900
[  499392ms] [TABLE] [] @ http://localhost:9002/_next/static/chunks/%5Broot-of-the-server%5D__6e30a7ee._.js:901
[  529393ms] [LOG] Overall Hit Rate: 0.00% @ http://localhost:9002/_next/static/chunks/%5Broot-of-the-server%5D__6e30a7ee._.js:900
[  529393ms] [TABLE] [] @ http://localhost:9002/_next/static/chunks/%5Broot-of-the-server%5D__6e30a7ee._.js:901
[  529393ms] [LOG] Overall Hit Rate: 0.00% @ http://localhost:9002/_next/static/chunks/%5Broot-of-the-server%5D__6e30a7ee._.js:900
[  529393ms] [TABLE] [] @ http://localhost:9002/_next/static/chunks/%5Broot-of-the-server%5D__6e30a7ee._.js:901
[  559392ms] [LOG] Overall Hit Rate: 0.00% @ http://localhost:9002/_next/static/chunks/%5Broot-of-the-server%5D__6e30a7ee._.js:900
[  559392ms] [TABLE] [] @ http://localhost:9002/_next/static/chunks/%5Broot-of-the-server%5D__6e30a7ee._.js:901
[  559392ms] [LOG] Overall Hit Rate: 0.00% @ http://localhost:9002/_next/static/chunks/%5Broot-of-the-server%5D__6e30a7ee._.js:900
[  559392ms] [TABLE] [] @ http://localhost:9002/_next/static/chunks/%5Broot-of-the-server%5D__6e30a7ee._.js:901
[  589393ms] [LOG] Overall Hit Rate: 0.00% @ http://localhost:9002/_next/static/chunks/%5Broot-of-the-server%5D__6e30a7ee._.js:900
[  589393ms] [TABLE] [] @ http://localhost:9002/_next/static/chunks/%5Broot-of-the-server%5D__6e30a7ee._.js:901
[  589393ms] [LOG] Overall Hit Rate: 0.00% @ http://localhost:9002/_next/static/chunks/%5Broot-of-the-server%5D__6e30a7ee._.js:900
[  589393ms] [TABLE] [] @ http://localhost:9002/_next/static/chunks/%5Broot-of-the-server%5D__6e30a7ee._.js:901
[  619394ms] [LOG] Overall Hit Rate: 0.00% @ http://localhost:9002/_next/static/chunks/%5Broot-of-the-server%5D__6e30a7ee._.js:900
[  619394ms] [TABLE] [] @ http://localhost:9002/_next/static/chunks/%5Broot-of-the-server%5D__6e30a7ee._.js:901
[  619394ms] [LOG] Overall Hit Rate: 0.00% @ http://localhost:9002/_next/static/chunks/%5Broot-of-the-server%5D__6e30a7ee._.js:900
[  619394ms] [TABLE] [] @ http://localhost:9002/_next/static/chunks/%5Broot-of-the-server%5D__6e30a7ee._.js:901
[  649393ms] [LOG] Overall Hit Rate: 0.00% @ http://localhost:9002/_next/static/chunks/%5Broot-of-the-server%5D__6e30a7ee._.js:900
[  649394ms] [TABLE] [] @ http://localhost:9002/_next/static/chunks/%5Broot-of-the-server%5D__6e30a7ee._.js:901
[  649394ms] [LOG] Overall Hit Rate: 0.00% @ http://localhost:9002/_next/static/chunks/%5Broot-of-the-server%5D__6e30a7ee._.js:900
[  649394ms] [TABLE] [] @ http://localhost:9002/_next/static/chunks/%5Broot-of-the-server%5D__6e30a7ee._.js:901
[  679394ms] [LOG] Overall Hit Rate: 0.00% @ http://localhost:9002/_next/static/chunks/%5Broot-of-the-server%5D__6e30a7ee._.js:900
[  679394ms] [TABLE] [] @ http://localhost:9002/_next/static/chunks/%5Broot-of-the-server%5D__6e30a7ee._.js:901
[  679394ms] [LOG] Overall Hit Rate: 0.00% @ http://localhost:9002/_next/static/chunks/%5Broot-of-the-server%5D__6e30a7ee._.js:900
[  679394ms] [TABLE] [] @ http://localhost:9002/_next/static/chunks/%5Broot-of-the-server%5D__6e30a7ee._.js:901
[  709395ms] [LOG] Overall Hit Rate: 0.00% @ http://localhost:9002/_next/static/chunks/%5Broot-of-the-server%5D__6e30a7ee._.js:900
[  709395ms] [TABLE] [] @ http://localhost:9002/_next/static/chunks/%5Broot-of-the-server%5D__6e30a7ee._.js:901
[  709395ms] [LOG] Overall Hit Rate: 0.00% @ http://localhost:9002/_next/static/chunks/%5Broot-of-the-server%5D__6e30a7ee._.js:900
[  709395ms] [TABLE] [] @ http://localhost:9002/_next/static/chunks/%5Broot-of-the-server%5D__6e30a7ee._.js:901
[  739395ms] [LOG] Overall Hit Rate: 0.00% @ http://localhost:9002/_next/static/chunks/%5Broot-of-the-server%5D__6e30a7ee._.js:900
[  739395ms] [TABLE] [] @ http://localhost:9002/_next/static/chunks/%5Broot-of-the-server%5D__6e30a7ee._.js:901
[  739396ms] [LOG] Overall Hit Rate: 0.00% @ http://localhost:9002/_next/static/chunks/%5Broot-of-the-server%5D__6e30a7ee._.js:900
[  739396ms] [TABLE] [] @ http://localhost:9002/_next/static/chunks/%5Broot-of-the-server%5D__6e30a7ee._.js:901
[  769395ms] [LOG] Overall Hit Rate: 0.00% @ http://localhost:9002/_next/static/chunks/%5Broot-of-the-server%5D__6e30a7ee._.js:900
[  769395ms] [TABLE] [] @ http://localhost:9002/_next/static/chunks/%5Broot-of-the-server%5D__6e30a7ee._.js:901
[  769395ms] [LOG] Overall Hit Rate: 0.00% @ http://localhost:9002/_next/static/chunks/%5Broot-of-the-server%5D__6e30a7ee._.js:900
[  769395ms] [TABLE] [] @ http://localhost:9002/_next/static/chunks/%5Broot-of-the-server%5D__6e30a7ee._.js:901
[  799395ms] [LOG] Overall Hit Rate: 0.00% @ http://localhost:9002/_next/static/chunks/%5Broot-of-the-server%5D__6e30a7ee._.js:900
[  799395ms] [TABLE] [] @ http://localhost:9002/_next/static/chunks/%5Broot-of-the-server%5D__6e30a7ee._.js:901
[  799395ms] [LOG] Overall Hit Rate: 0.00% @ http://localhost:9002/_next/static/chunks/%5Broot-of-the-server%5D__6e30a7ee._.js:900
[  799395ms] [TABLE] [] @ http://localhost:9002/_next/static/chunks/%5Broot-of-the-server%5D__6e30a7ee._.js:901
