[     316ms] [INFO] %cDownload the React DevTools for a better development experience: https://react.dev/link/react-devtools font-weight:bold @ http://localhost:9002/_next/static/chunks/node_modules_next_dist_compiled_react-dom_1e674e59._.js:14537
[   30329ms] [LOG] Overall Hit Rate: 0.00% @ http://localhost:9002/_next/static/chunks/%5Broot-of-the-server%5D__6e30a7ee._.js:900
[   30329ms] [TABLE] [] @ http://localhost:9002/_next/static/chunks/%5Broot-of-the-server%5D__6e30a7ee._.js:901
[   30329ms] [LOG] Overall Hit Rate: 0.00% @ http://localhost:9002/_next/static/chunks/%5Broot-of-the-server%5D__6e30a7ee._.js:900
[   30329ms] [TABLE] [] @ http://localhost:9002/_next/static/chunks/%5Broot-of-the-server%5D__6e30a7ee._.js:901
[   58374ms] [LOG] [Fast Refresh] rebuilding @ http://localhost:9002/_next/static/chunks/node_modules_next_dist_client_cf1d9188._.js:5949
[   58443ms] [LOG] [Fast Refresh] done in 77ms @ http://localhost:9002/_next/static/chunks/node_modules_next_dist_client_cf1d9188._.js:5809
[   58544ms] [LOG] [Fast Refresh] rebuilding @ http://localhost:9002/_next/static/chunks/node_modules_next_dist_client_cf1d9188._.js:5949
[   58590ms] [ERROR] Failed to load resource: the server responded with a status of 404 (Not Found) @ http://localhost:9002/preview-wiederland?_rsc=xbnkd:0
[   58591ms] [LOG] [Fast Refresh] done in 147ms @ http://localhost:9002/_next/static/chunks/node_modules_next_dist_client_cf1d9188._.js:5809
[   58630ms] [ERROR] Failed to load resource: the server responded with a status of 404 (Not Found) @ http://localhost:9002/preview-wiederland?_rsc=xbnkd:0
[   58692ms] [LOG] [Fast Refresh] rebuilding @ http://localhost:9002/_next/static/chunks/node_modules_next_dist_client_cf1d9188._.js:5949
[   58731ms] [LOG] [Fast Refresh] done in 139ms @ http://localhost:9002/_next/static/chunks/node_modules_next_dist_client_cf1d9188._.js:5809
[   58742ms] [ERROR] Failed to load resource: the server responded with a status of 404 (Not Found) @ http://localhost:9002/preview-wiederland:0
[   58789ms] [INFO] %cDownload the React DevTools for a better development experience: https://react.dev/link/react-devtools font-weight:bold @ http://localhost:9002/_next/static/chunks/node_modules_next_dist_compiled_react-dom_1e674e59._.js:14537
[   88804ms] [LOG] Overall Hit Rate: 0.00% @ http://localhost:9002/_next/static/chunks/%5Broot-of-the-server%5D__6e30a7ee._.js:900
[   88805ms] [TABLE] [] @ http://localhost:9002/_next/static/chunks/%5Broot-of-the-server%5D__6e30a7ee._.js:901
[   88805ms] [LOG] Overall Hit Rate: 0.00% @ http://localhost:9002/_next/static/chunks/%5Broot-of-the-server%5D__6e30a7ee._.js:900
[   88805ms] [TABLE] [] @ http://localhost:9002/_next/static/chunks/%5Broot-of-the-server%5D__6e30a7ee._.js:901
[  118805ms] [LOG] Overall Hit Rate: 0.00% @ http://localhost:9002/_next/static/chunks/%5Broot-of-the-server%5D__6e30a7ee._.js:900
[  118805ms] [TABLE] [] @ http://localhost:9002/_next/static/chunks/%5Broot-of-the-server%5D__6e30a7ee._.js:901
[  118806ms] [LOG] Overall Hit Rate: 0.00% @ http://localhost:9002/_next/static/chunks/%5Broot-of-the-server%5D__6e30a7ee._.js:900
[  118806ms] [TABLE] [] @ http://localhost:9002/_next/static/chunks/%5Broot-of-the-server%5D__6e30a7ee._.js:901
[  125212ms] [LOG] [Fast Refresh] rebuilding @ http://localhost:9002/_next/static/chunks/node_modules_next_dist_client_cf1d9188._.js:5949
[  125361ms] [LOG] [Fast Refresh] done in 223ms @ http://localhost:9002/_next/static/chunks/node_modules_next_dist_client_cf1d9188._.js:5809
[  148805ms] [LOG] Overall Hit Rate: 0.00% @ http://localhost:9002/_next/static/chunks/%5Broot-of-the-server%5D__6e30a7ee._.js:900
[  148805ms] [TABLE] [] @ http://localhost:9002/_next/static/chunks/%5Broot-of-the-server%5D__6e30a7ee._.js:901
[  148805ms] [LOG] Overall Hit Rate: 0.00% @ http://localhost:9002/_next/static/chunks/%5Broot-of-the-server%5D__6e30a7ee._.js:900
[  148805ms] [TABLE] [] @ http://localhost:9002/_next/static/chunks/%5Broot-of-the-server%5D__6e30a7ee._.js:901
[  166572ms] [LOG] [Fast Refresh] rebuilding @ http://localhost:9002/_next/static/chunks/node_modules_next_dist_client_cf1d9188._.js:5949
[  166971ms] [LOG] [Fast Refresh] done in 500ms @ http://localhost:9002/_next/static/chunks/node_modules_next_dist_client_cf1d9188._.js:5809
[  178806ms] [LOG] Overall Hit Rate: 0.00% @ http://localhost:9002/_next/static/chunks/%5Broot-of-the-server%5D__6e30a7ee._.js:900
[  178806ms] [TABLE] [] @ http://localhost:9002/_next/static/chunks/%5Broot-of-the-server%5D__6e30a7ee._.js:901
[  178806ms] [LOG] Overall Hit Rate: 0.00% @ http://localhost:9002/_next/static/chunks/%5Broot-of-the-server%5D__6e30a7ee._.js:900
[  178806ms] [TABLE] [] @ http://localhost:9002/_next/static/chunks/%5Broot-of-the-server%5D__6e30a7ee._.js:901
[  208806ms] [LOG] Overall Hit Rate: 0.00% @ http://localhost:9002/_next/static/chunks/%5Broot-of-the-server%5D__6e30a7ee._.js:900
[  208806ms] [TABLE] [] @ http://localhost:9002/_next/static/chunks/%5Broot-of-the-server%5D__6e30a7ee._.js:901
[  208806ms] [LOG] Overall Hit Rate: 0.00% @ http://localhost:9002/_next/static/chunks/%5Broot-of-the-server%5D__6e30a7ee._.js:900
[  208806ms] [TABLE] [] @ http://localhost:9002/_next/static/chunks/%5Broot-of-the-server%5D__6e30a7ee._.js:901
[  238806ms] [LOG] Overall Hit Rate: 0.00% @ http://localhost:9002/_next/static/chunks/%5Broot-of-the-server%5D__6e30a7ee._.js:900
[  238806ms] [TABLE] [] @ http://localhost:9002/_next/static/chunks/%5Broot-of-the-server%5D__6e30a7ee._.js:901
[  238806ms] [LOG] Overall Hit Rate: 0.00% @ http://localhost:9002/_next/static/chunks/%5Broot-of-the-server%5D__6e30a7ee._.js:900
[  238806ms] [TABLE] [] @ http://localhost:9002/_next/static/chunks/%5Broot-of-the-server%5D__6e30a7ee._.js:901
[  268806ms] [LOG] Overall Hit Rate: 0.00% @ http://localhost:9002/_next/static/chunks/%5Broot-of-the-server%5D__6e30a7ee._.js:900
[  268806ms] [TABLE] [] @ http://localhost:9002/_next/static/chunks/%5Broot-of-the-server%5D__6e30a7ee._.js:901
[  268807ms] [LOG] Overall Hit Rate: 0.00% @ http://localhost:9002/_next/static/chunks/%5Broot-of-the-server%5D__6e30a7ee._.js:900
[  268807ms] [TABLE] [] @ http://localhost:9002/_next/static/chunks/%5Broot-of-the-server%5D__6e30a7ee._.js:901
[  298807ms] [LOG] Overall Hit Rate: 0.00% @ http://localhost:9002/_next/static/chunks/%5Broot-of-the-server%5D__6e30a7ee._.js:900
[  298807ms] [TABLE] [] @ http://localhost:9002/_next/static/chunks/%5Broot-of-the-server%5D__6e30a7ee._.js:901
[  298807ms] [LOG] Overall Hit Rate: 0.00% @ http://localhost:9002/_next/static/chunks/%5Broot-of-the-server%5D__6e30a7ee._.js:900
[  298808ms] [TABLE] [] @ http://localhost:9002/_next/static/chunks/%5Broot-of-the-server%5D__6e30a7ee._.js:901
[  328807ms] [LOG] Overall Hit Rate: 0.00% @ http://localhost:9002/_next/static/chunks/%5Broot-of-the-server%5D__6e30a7ee._.js:900
[  328807ms] [TABLE] [] @ http://localhost:9002/_next/static/chunks/%5Broot-of-the-server%5D__6e30a7ee._.js:901
[  328807ms] [LOG] Overall Hit Rate: 0.00% @ http://localhost:9002/_next/static/chunks/%5Broot-of-the-server%5D__6e30a7ee._.js:900
[  328807ms] [TABLE] [] @ http://localhost:9002/_next/static/chunks/%5Broot-of-the-server%5D__6e30a7ee._.js:901
[  358807ms] [LOG] Overall Hit Rate: 0.00% @ http://localhost:9002/_next/static/chunks/%5Broot-of-the-server%5D__6e30a7ee._.js:900
[  358807ms] [TABLE] [] @ http://localhost:9002/_next/static/chunks/%5Broot-of-the-server%5D__6e30a7ee._.js:901
[  358808ms] [LOG] Overall Hit Rate: 0.00% @ http://localhost:9002/_next/static/chunks/%5Broot-of-the-server%5D__6e30a7ee._.js:900
[  358808ms] [TABLE] [] @ http://localhost:9002/_next/static/chunks/%5Broot-of-the-server%5D__6e30a7ee._.js:901
[  388807ms] [LOG] Overall Hit Rate: 0.00% @ http://localhost:9002/_next/static/chunks/%5Broot-of-the-server%5D__6e30a7ee._.js:900
[  388807ms] [TABLE] [] @ http://localhost:9002/_next/static/chunks/%5Broot-of-the-server%5D__6e30a7ee._.js:901
[  388808ms] [LOG] Overall Hit Rate: 0.00% @ http://localhost:9002/_next/static/chunks/%5Broot-of-the-server%5D__6e30a7ee._.js:900
[  388808ms] [TABLE] [] @ http://localhost:9002/_next/static/chunks/%5Broot-of-the-server%5D__6e30a7ee._.js:901
[  418808ms] [LOG] Overall Hit Rate: 0.00% @ http://localhost:9002/_next/static/chunks/%5Broot-of-the-server%5D__6e30a7ee._.js:900
[  418808ms] [TABLE] [] @ http://localhost:9002/_next/static/chunks/%5Broot-of-the-server%5D__6e30a7ee._.js:901
[  418808ms] [LOG] Overall Hit Rate: 0.00% @ http://localhost:9002/_next/static/chunks/%5Broot-of-the-server%5D__6e30a7ee._.js:900
[  418809ms] [TABLE] [] @ http://localhost:9002/_next/static/chunks/%5Broot-of-the-server%5D__6e30a7ee._.js:901
