[     517ms] [INFO] %cDownload the React DevTools for a better development experience: https://react.dev/link/react-devtools font-weight:bold @ http://localhost:9002/_next/static/chunks/node_modules_next_dist_compiled_react-dom_1e674e59._.js:14537
[   30532ms] [LOG] Overall Hit Rate: 0.00% @ http://localhost:9002/_next/static/chunks/%5Broot-of-the-server%5D__6e30a7ee._.js:900
[   30532ms] [TABLE] [] @ http://localhost:9002/_next/static/chunks/%5Broot-of-the-server%5D__6e30a7ee._.js:901
[   30532ms] [LOG] Overall Hit Rate: 0.00% @ http://localhost:9002/_next/static/chunks/%5Broot-of-the-server%5D__6e30a7ee._.js:900
[   30532ms] [TABLE] [] @ http://localhost:9002/_next/static/chunks/%5Broot-of-the-server%5D__6e30a7ee._.js:901
[   44418ms] [LOG] [Fast Refresh] rebuilding @ http://localhost:9002/_next/static/chunks/node_modules_next_dist_client_cf1d9188._.js:5949
[   44488ms] [LOG] [Fast Refresh] done in 13ms @ http://localhost:9002/_next/static/chunks/node_modules_next_dist_client_cf1d9188._.js:5809
[   44590ms] [LOG] [Fast Refresh] rebuilding @ http://localhost:9002/_next/static/chunks/node_modules_next_dist_client_cf1d9188._.js:5949
[   44651ms] [ERROR] Failed to load resource: the server responded with a status of 404 (Not Found) @ http://localhost:9002/preview-wiederland?_rsc=xbnkd:0
[   44652ms] [LOG] [Fast Refresh] done in 164ms @ http://localhost:9002/_next/static/chunks/node_modules_next_dist_client_cf1d9188._.js:5809
[   44686ms] [ERROR] Failed to load resource: the server responded with a status of 404 (Not Found) @ http://localhost:9002/preview-wiederland?_rsc=xbnkd:0
[   44753ms] [LOG] [Fast Refresh] rebuilding @ http://localhost:9002/_next/static/chunks/node_modules_next_dist_client_cf1d9188._.js:5949
[   44786ms] [LOG] [Fast Refresh] done in 133ms @ http://localhost:9002/_next/static/chunks/node_modules_next_dist_client_cf1d9188._.js:5809
[   44798ms] [ERROR] Failed to load resource: the server responded with a status of 404 (Not Found) @ http://localhost:9002/preview-wiederland:0
[   44874ms] [INFO] %cDownload the React DevTools for a better development experience: https://react.dev/link/react-devtools font-weight:bold @ http://localhost:9002/_next/static/chunks/node_modules_next_dist_compiled_react-dom_1e674e59._.js:14537
[   74886ms] [LOG] Overall Hit Rate: 0.00% @ http://localhost:9002/_next/static/chunks/%5Broot-of-the-server%5D__6e30a7ee._.js:900
[   74886ms] [TABLE] [] @ http://localhost:9002/_next/static/chunks/%5Broot-of-the-server%5D__6e30a7ee._.js:901
[   74886ms] [LOG] Overall Hit Rate: 0.00% @ http://localhost:9002/_next/static/chunks/%5Broot-of-the-server%5D__6e30a7ee._.js:900
[   74886ms] [TABLE] [] @ http://localhost:9002/_next/static/chunks/%5Broot-of-the-server%5D__6e30a7ee._.js:901
[  104887ms] [LOG] Overall Hit Rate: 0.00% @ http://localhost:9002/_next/static/chunks/%5Broot-of-the-server%5D__6e30a7ee._.js:900
[  104887ms] [TABLE] [] @ http://localhost:9002/_next/static/chunks/%5Broot-of-the-server%5D__6e30a7ee._.js:901
[  104888ms] [LOG] Overall Hit Rate: 0.00% @ http://localhost:9002/_next/static/chunks/%5Broot-of-the-server%5D__6e30a7ee._.js:900
[  104888ms] [TABLE] [] @ http://localhost:9002/_next/static/chunks/%5Broot-of-the-server%5D__6e30a7ee._.js:901
[  134887ms] [LOG] Overall Hit Rate: 0.00% @ http://localhost:9002/_next/static/chunks/%5Broot-of-the-server%5D__6e30a7ee._.js:900
[  134887ms] [TABLE] [] @ http://localhost:9002/_next/static/chunks/%5Broot-of-the-server%5D__6e30a7ee._.js:901
[  134888ms] [LOG] Overall Hit Rate: 0.00% @ http://localhost:9002/_next/static/chunks/%5Broot-of-the-server%5D__6e30a7ee._.js:900
[  134888ms] [TABLE] [] @ http://localhost:9002/_next/static/chunks/%5Broot-of-the-server%5D__6e30a7ee._.js:901
[  164887ms] [LOG] Overall Hit Rate: 0.00% @ http://localhost:9002/_next/static/chunks/%5Broot-of-the-server%5D__6e30a7ee._.js:900
[  164887ms] [TABLE] [] @ http://localhost:9002/_next/static/chunks/%5Broot-of-the-server%5D__6e30a7ee._.js:901
[  164888ms] [LOG] Overall Hit Rate: 0.00% @ http://localhost:9002/_next/static/chunks/%5Broot-of-the-server%5D__6e30a7ee._.js:900
[  164888ms] [TABLE] [] @ http://localhost:9002/_next/static/chunks/%5Broot-of-the-server%5D__6e30a7ee._.js:901
[  194888ms] [LOG] Overall Hit Rate: 0.00% @ http://localhost:9002/_next/static/chunks/%5Broot-of-the-server%5D__6e30a7ee._.js:900
[  194888ms] [TABLE] [] @ http://localhost:9002/_next/static/chunks/%5Broot-of-the-server%5D__6e30a7ee._.js:901
[  194889ms] [LOG] Overall Hit Rate: 0.00% @ http://localhost:9002/_next/static/chunks/%5Broot-of-the-server%5D__6e30a7ee._.js:900
[  194889ms] [TABLE] [] @ http://localhost:9002/_next/static/chunks/%5Broot-of-the-server%5D__6e30a7ee._.js:901
[  224888ms] [LOG] Overall Hit Rate: 0.00% @ http://localhost:9002/_next/static/chunks/%5Broot-of-the-server%5D__6e30a7ee._.js:900
[  224888ms] [TABLE] [] @ http://localhost:9002/_next/static/chunks/%5Broot-of-the-server%5D__6e30a7ee._.js:901
[  224888ms] [LOG] Overall Hit Rate: 0.00% @ http://localhost:9002/_next/static/chunks/%5Broot-of-the-server%5D__6e30a7ee._.js:900
[  224888ms] [TABLE] [] @ http://localhost:9002/_next/static/chunks/%5Broot-of-the-server%5D__6e30a7ee._.js:901
[  254888ms] [LOG] Overall Hit Rate: 0.00% @ http://localhost:9002/_next/static/chunks/%5Broot-of-the-server%5D__6e30a7ee._.js:900
[  254888ms] [TABLE] [] @ http://localhost:9002/_next/static/chunks/%5Broot-of-the-server%5D__6e30a7ee._.js:901
[  254888ms] [LOG] Overall Hit Rate: 0.00% @ http://localhost:9002/_next/static/chunks/%5Broot-of-the-server%5D__6e30a7ee._.js:900
[  254888ms] [TABLE] [] @ http://localhost:9002/_next/static/chunks/%5Broot-of-the-server%5D__6e30a7ee._.js:901
[  284889ms] [LOG] Overall Hit Rate: 0.00% @ http://localhost:9002/_next/static/chunks/%5Broot-of-the-server%5D__6e30a7ee._.js:900
[  284889ms] [TABLE] [] @ http://localhost:9002/_next/static/chunks/%5Broot-of-the-server%5D__6e30a7ee._.js:901
[  284890ms] [LOG] Overall Hit Rate: 0.00% @ http://localhost:9002/_next/static/chunks/%5Broot-of-the-server%5D__6e30a7ee._.js:900
[  284890ms] [TABLE] [] @ http://localhost:9002/_next/static/chunks/%5Broot-of-the-server%5D__6e30a7ee._.js:901
[  314888ms] [LOG] Overall Hit Rate: 0.00% @ http://localhost:9002/_next/static/chunks/%5Broot-of-the-server%5D__6e30a7ee._.js:900
[  314889ms] [TABLE] [] @ http://localhost:9002/_next/static/chunks/%5Broot-of-the-server%5D__6e30a7ee._.js:901
[  314889ms] [LOG] Overall Hit Rate: 0.00% @ http://localhost:9002/_next/static/chunks/%5Broot-of-the-server%5D__6e30a7ee._.js:900
[  314889ms] [TABLE] [] @ http://localhost:9002/_next/static/chunks/%5Broot-of-the-server%5D__6e30a7ee._.js:901
