[     323ms] [INFO] %cDownload the React DevTools for a better development experience: https://react.dev/link/react-devtools font-weight:bold @ http://localhost:9002/_next/static/chunks/node_modules_next_dist_compiled_react-dom_1e674e59._.js:14537
[     991ms] [ERROR] ./src/app/dashboard/page.tsx:1063:58
Parsing ecmascript source code failed
  1061 |                                                                 </DropdownMenuContent>
  1062 |                                                             </DropdownMenu>
> 1063 |                                                         </div>
       |                                                          ^^^^^
  1064 |
  1065 |                                                         <div className="flex items-center justify-between mt-4 pt-4 border-t">
  1066 |                                                             <div className="flex items-center gap-4 text-sm text-muted-foreground">

Unterminated regexp literal

Import traces:
  Client Component Browser:
    ./src/app/dashboard/page.tsx [Client Component Browser]
    ./src/app/dashboard/page.tsx [Server Component]

  Client Component SSR:
    ./src/app/dashboard/page.tsx [Client Component SSR]
    ./src/app/dashboard/page.tsx [Server Component] @ http://localhost:9002/_next/static/chunks/node_modules_next_dist_b0daae9a._.js:2359
[     993ms] [LOG] {file: Object} @ http://localhost:9002/_next/static/chunks/node_modules_next_dist_compiled_next-devtools_index_a9cb0712.js:16058
[    1007ms] [LOG] [Fast Refresh] rebuilding @ http://localhost:9002/_next/static/chunks/node_modules_next_dist_client_cf1d9188._.js:5949
[    9366ms] [LOG] [Fast Refresh] rebuilding @ http://localhost:9002/_next/static/chunks/node_modules_next_dist_client_cf1d9188._.js:5949
[    9370ms] [LOG] [Fast Refresh] done in 90ms @ http://localhost:9002/_next/static/chunks/node_modules_next_dist_client_cf1d9188._.js:5809
[   30336ms] [LOG] Overall Hit Rate: 0.00% @ http://localhost:9002/_next/static/chunks/%5Broot-of-the-server%5D__1218e08a._.js:1134
[   30336ms] [TABLE] [] @ http://localhost:9002/_next/static/chunks/%5Broot-of-the-server%5D__1218e08a._.js:1135
[   30336ms] [LOG] Overall Hit Rate: 0.00% @ http://localhost:9002/_next/static/chunks/%5Broot-of-the-server%5D__1218e08a._.js:1134
[   30336ms] [TABLE] [] @ http://localhost:9002/_next/static/chunks/%5Broot-of-the-server%5D__1218e08a._.js:1135
[   60336ms] [LOG] Overall Hit Rate: 0.00% @ http://localhost:9002/_next/static/chunks/%5Broot-of-the-server%5D__1218e08a._.js:1134
[   60336ms] [TABLE] [] @ http://localhost:9002/_next/static/chunks/%5Broot-of-the-server%5D__1218e08a._.js:1135
[   60337ms] [LOG] Overall Hit Rate: 0.00% @ http://localhost:9002/_next/static/chunks/%5Broot-of-the-server%5D__1218e08a._.js:1134
[   60337ms] [TABLE] [] @ http://localhost:9002/_next/static/chunks/%5Broot-of-the-server%5D__1218e08a._.js:1135
[   90337ms] [LOG] Overall Hit Rate: 0.00% @ http://localhost:9002/_next/static/chunks/%5Broot-of-the-server%5D__1218e08a._.js:1134
[   90337ms] [TABLE] [] @ http://localhost:9002/_next/static/chunks/%5Broot-of-the-server%5D__1218e08a._.js:1135
[   90337ms] [LOG] Overall Hit Rate: 0.00% @ http://localhost:9002/_next/static/chunks/%5Broot-of-the-server%5D__1218e08a._.js:1134
[   90337ms] [TABLE] [] @ http://localhost:9002/_next/static/chunks/%5Broot-of-the-server%5D__1218e08a._.js:1135
[   94134ms] [ERROR] ./src/app/dashboard/page.tsx:1495:54
Parsing ecmascript source code failed
  1493 |                                                             </DropdownMenuContent>
  1494 |                                                         </DropdownMenu>
> 1495 |                                                     </div>
       |                                                      ^^^^^
  1496 |                                                     <div className="flex items-center justify-between mt-4 pt-4 border-t">
  1497 |                                                         <div className="flex items-center gap-4 text-sm text-muted-foreground">
  1498 |                                                             <span>{cardCount} cards</span>

Unterminated regexp literal

Import traces:
  Client Component Browser:
    ./src/app/dashboard/page.tsx [Client Component Browser]
    ./src/app/dashboard/page.tsx [Server Component]

  Client Component SSR:
    ./src/app/dashboard/page.tsx [Client Component SSR]
    ./src/app/dashboard/page.tsx [Server Component] @ http://localhost:9002/_next/static/chunks/node_modules_next_dist_b0daae9a._.js:2359
[   94135ms] [LOG] {file: Object} @ http://localhost:9002/_next/static/chunks/node_modules_next_dist_compiled_next-devtools_index_a9cb0712.js:16058
[   94153ms] [LOG] [Fast Refresh] rebuilding @ http://localhost:9002/_next/static/chunks/node_modules_next_dist_client_cf1d9188._.js:5949
[  101115ms] [LOG] [Fast Refresh] rebuilding @ http://localhost:9002/_next/static/chunks/node_modules_next_dist_client_cf1d9188._.js:5949
[  101119ms] [LOG] [Fast Refresh] done in 86ms @ http://localhost:9002/_next/static/chunks/node_modules_next_dist_client_cf1d9188._.js:5809
[  120338ms] [LOG] Overall Hit Rate: 0.00% @ http://localhost:9002/_next/static/chunks/%5Broot-of-the-server%5D__1218e08a._.js:1134
[  120338ms] [TABLE] [] @ http://localhost:9002/_next/static/chunks/%5Broot-of-the-server%5D__1218e08a._.js:1135
[  120338ms] [LOG] Overall Hit Rate: 0.00% @ http://localhost:9002/_next/static/chunks/%5Broot-of-the-server%5D__1218e08a._.js:1134
[  120338ms] [TABLE] [] @ http://localhost:9002/_next/static/chunks/%5Broot-of-the-server%5D__1218e08a._.js:1135
[  150337ms] [LOG] Overall Hit Rate: 0.00% @ http://localhost:9002/_next/static/chunks/%5Broot-of-the-server%5D__1218e08a._.js:1134
[  150337ms] [TABLE] [] @ http://localhost:9002/_next/static/chunks/%5Broot-of-the-server%5D__1218e08a._.js:1135
[  150338ms] [LOG] Overall Hit Rate: 0.00% @ http://localhost:9002/_next/static/chunks/%5Broot-of-the-server%5D__1218e08a._.js:1134
[  150338ms] [TABLE] [] @ http://localhost:9002/_next/static/chunks/%5Broot-of-the-server%5D__1218e08a._.js:1135
[  180337ms] [LOG] Overall Hit Rate: 0.00% @ http://localhost:9002/_next/static/chunks/%5Broot-of-the-server%5D__1218e08a._.js:1134
[  180337ms] [TABLE] [] @ http://localhost:9002/_next/static/chunks/%5Broot-of-the-server%5D__1218e08a._.js:1135
[  180337ms] [LOG] Overall Hit Rate: 0.00% @ http://localhost:9002/_next/static/chunks/%5Broot-of-the-server%5D__1218e08a._.js:1134
[  180337ms] [TABLE] [] @ http://localhost:9002/_next/static/chunks/%5Broot-of-the-server%5D__1218e08a._.js:1135
[  210336ms] [LOG] Overall Hit Rate: 0.00% @ http://localhost:9002/_next/static/chunks/%5Broot-of-the-server%5D__1218e08a._.js:1134
[  210336ms] [TABLE] [] @ http://localhost:9002/_next/static/chunks/%5Broot-of-the-server%5D__1218e08a._.js:1135
[  210336ms] [LOG] Overall Hit Rate: 0.00% @ http://localhost:9002/_next/static/chunks/%5Broot-of-the-server%5D__1218e08a._.js:1134
[  210336ms] [TABLE] [] @ http://localhost:9002/_next/static/chunks/%5Broot-of-the-server%5D__1218e08a._.js:1135
[  240336ms] [LOG] Overall Hit Rate: 0.00% @ http://localhost:9002/_next/static/chunks/%5Broot-of-the-server%5D__1218e08a._.js:1134
[  240336ms] [TABLE] [] @ http://localhost:9002/_next/static/chunks/%5Broot-of-the-server%5D__1218e08a._.js:1135
[  240336ms] [LOG] Overall Hit Rate: 0.00% @ http://localhost:9002/_next/static/chunks/%5Broot-of-the-server%5D__1218e08a._.js:1134
[  240336ms] [TABLE] [] @ http://localhost:9002/_next/static/chunks/%5Broot-of-the-server%5D__1218e08a._.js:1135
[  270336ms] [LOG] Overall Hit Rate: 0.00% @ http://localhost:9002/_next/static/chunks/%5Broot-of-the-server%5D__1218e08a._.js:1134
[  270336ms] [TABLE] [] @ http://localhost:9002/_next/static/chunks/%5Broot-of-the-server%5D__1218e08a._.js:1135
[  270336ms] [LOG] Overall Hit Rate: 0.00% @ http://localhost:9002/_next/static/chunks/%5Broot-of-the-server%5D__1218e08a._.js:1134
[  270336ms] [TABLE] [] @ http://localhost:9002/_next/static/chunks/%5Broot-of-the-server%5D__1218e08a._.js:1135
[  300336ms] [LOG] Overall Hit Rate: 0.00% @ http://localhost:9002/_next/static/chunks/%5Broot-of-the-server%5D__1218e08a._.js:1134
[  300336ms] [TABLE] [] @ http://localhost:9002/_next/static/chunks/%5Broot-of-the-server%5D__1218e08a._.js:1135
[  300336ms] [LOG] Overall Hit Rate: 0.00% @ http://localhost:9002/_next/static/chunks/%5Broot-of-the-server%5D__1218e08a._.js:1134
[  300336ms] [TABLE] [] @ http://localhost:9002/_next/static/chunks/%5Broot-of-the-server%5D__1218e08a._.js:1135
[  330352ms] [LOG] Overall Hit Rate: 0.00% @ http://localhost:9002/_next/static/chunks/%5Broot-of-the-server%5D__1218e08a._.js:1134
[  330352ms] [TABLE] [] @ http://localhost:9002/_next/static/chunks/%5Broot-of-the-server%5D__1218e08a._.js:1135
[  330352ms] [LOG] Overall Hit Rate: 0.00% @ http://localhost:9002/_next/static/chunks/%5Broot-of-the-server%5D__1218e08a._.js:1134
[  330352ms] [TABLE] [] @ http://localhost:9002/_next/static/chunks/%5Broot-of-the-server%5D__1218e08a._.js:1135
[  360358ms] [LOG] Overall Hit Rate: 0.00% @ http://localhost:9002/_next/static/chunks/%5Broot-of-the-server%5D__1218e08a._.js:1134
[  360358ms] [TABLE] [] @ http://localhost:9002/_next/static/chunks/%5Broot-of-the-server%5D__1218e08a._.js:1135
[  360358ms] [LOG] Overall Hit Rate: 0.00% @ http://localhost:9002/_next/static/chunks/%5Broot-of-the-server%5D__1218e08a._.js:1134
[  360358ms] [TABLE] [] @ http://localhost:9002/_next/static/chunks/%5Broot-of-the-server%5D__1218e08a._.js:1135
[  366427ms] [LOG] [Fast Refresh] rebuilding @ http://localhost:9002/_next/static/chunks/node_modules_next_dist_client_cf1d9188._.js:5949
[  366476ms] [LOG] [Fast Refresh] done in 63ms @ http://localhost:9002/_next/static/chunks/node_modules_next_dist_client_cf1d9188._.js:5809
[  366552ms] [ERROR] Failed to load resource: the server responded with a status of 500 (Internal Server Error) @ http://localhost:9002/privacy?_rsc=16e1f:0
[  366578ms] [LOG] [Fast Refresh] rebuilding @ http://localhost:9002/_next/static/chunks/node_modules_next_dist_client_cf1d9188._.js:5949
[  366636ms] [ERROR] Failed to load resource: the server responded with a status of 500 (Internal Server Error) @ http://localhost:9002/privacy:0
[  366662ms] [ERROR] Failed to load resource: the server responded with a status of 500 (Internal Server Error) @ http://localhost:9002/favicon.ico:0
