[     123ms] [INFO] %cDownload the React DevTools for a better development experience: https://react.dev/link/react-devtools font-weight:bold @ http://localhost:9002/_next/static/chunks/node_modules_next_dist_compiled_react-dom_1e674e59._.js:14537
[   30193ms] [LOG] Overall Hit Rate: 0.00% @ http://localhost:9002/_next/static/chunks/%5Broot-of-the-server%5D__6e30a7ee._.js:938
[   30193ms] [TABLE] [] @ http://localhost:9002/_next/static/chunks/%5Broot-of-the-server%5D__6e30a7ee._.js:939
[   30193ms] [LOG] Overall Hit Rate: 0.00% @ http://localhost:9002/_next/static/chunks/%5Broot-of-the-server%5D__6e30a7ee._.js:938
[   30193ms] [TABLE] [] @ http://localhost:9002/_next/static/chunks/%5Broot-of-the-server%5D__6e30a7ee._.js:939
[   60194ms] [LOG] Overall Hit Rate: 0.00% @ http://localhost:9002/_next/static/chunks/%5Broot-of-the-server%5D__6e30a7ee._.js:938
[   60194ms] [TABLE] [] @ http://localhost:9002/_next/static/chunks/%5Broot-of-the-server%5D__6e30a7ee._.js:939
[   60194ms] [LOG] Overall Hit Rate: 0.00% @ http://localhost:9002/_next/static/chunks/%5Broot-of-the-server%5D__6e30a7ee._.js:938
[   60194ms] [TABLE] [] @ http://localhost:9002/_next/static/chunks/%5Broot-of-the-server%5D__6e30a7ee._.js:939
[   90194ms] [LOG] Overall Hit Rate: 0.00% @ http://localhost:9002/_next/static/chunks/%5Broot-of-the-server%5D__6e30a7ee._.js:938
[   90194ms] [TABLE] [] @ http://localhost:9002/_next/static/chunks/%5Broot-of-the-server%5D__6e30a7ee._.js:939
[   90194ms] [LOG] Overall Hit Rate: 0.00% @ http://localhost:9002/_next/static/chunks/%5Broot-of-the-server%5D__6e30a7ee._.js:938
[   90194ms] [TABLE] [] @ http://localhost:9002/_next/static/chunks/%5Broot-of-the-server%5D__6e30a7ee._.js:939
[  120197ms] [LOG] Overall Hit Rate: 0.00% @ http://localhost:9002/_next/static/chunks/%5Broot-of-the-server%5D__6e30a7ee._.js:938
[  120197ms] [TABLE] [] @ http://localhost:9002/_next/static/chunks/%5Broot-of-the-server%5D__6e30a7ee._.js:939
[  120197ms] [LOG] Overall Hit Rate: 0.00% @ http://localhost:9002/_next/static/chunks/%5Broot-of-the-server%5D__6e30a7ee._.js:938
[  120197ms] [TABLE] [] @ http://localhost:9002/_next/static/chunks/%5Broot-of-the-server%5D__6e30a7ee._.js:939
[  150197ms] [LOG] Overall Hit Rate: 0.00% @ http://localhost:9002/_next/static/chunks/%5Broot-of-the-server%5D__6e30a7ee._.js:938
[  150197ms] [TABLE] [] @ http://localhost:9002/_next/static/chunks/%5Broot-of-the-server%5D__6e30a7ee._.js:939
[  150197ms] [LOG] Overall Hit Rate: 0.00% @ http://localhost:9002/_next/static/chunks/%5Broot-of-the-server%5D__6e30a7ee._.js:938
[  150197ms] [TABLE] [] @ http://localhost:9002/_next/static/chunks/%5Broot-of-the-server%5D__6e30a7ee._.js:939
[  180197ms] [LOG] Overall Hit Rate: 0.00% @ http://localhost:9002/_next/static/chunks/%5Broot-of-the-server%5D__6e30a7ee._.js:938
[  180197ms] [TABLE] [] @ http://localhost:9002/_next/static/chunks/%5Broot-of-the-server%5D__6e30a7ee._.js:939
[  180197ms] [LOG] Overall Hit Rate: 0.00% @ http://localhost:9002/_next/static/chunks/%5Broot-of-the-server%5D__6e30a7ee._.js:938
[  180197ms] [TABLE] [] @ http://localhost:9002/_next/static/chunks/%5Broot-of-the-server%5D__6e30a7ee._.js:939
[  210197ms] [LOG] Overall Hit Rate: 0.00% @ http://localhost:9002/_next/static/chunks/%5Broot-of-the-server%5D__6e30a7ee._.js:938
[  210197ms] [TABLE] [] @ http://localhost:9002/_next/static/chunks/%5Broot-of-the-server%5D__6e30a7ee._.js:939
[  210197ms] [LOG] Overall Hit Rate: 0.00% @ http://localhost:9002/_next/static/chunks/%5Broot-of-the-server%5D__6e30a7ee._.js:938
[  210197ms] [TABLE] [] @ http://localhost:9002/_next/static/chunks/%5Broot-of-the-server%5D__6e30a7ee._.js:939
[  240197ms] [LOG] Overall Hit Rate: 0.00% @ http://localhost:9002/_next/static/chunks/%5Broot-of-the-server%5D__6e30a7ee._.js:938
[  240197ms] [TABLE] [] @ http://localhost:9002/_next/static/chunks/%5Broot-of-the-server%5D__6e30a7ee._.js:939
[  240197ms] [LOG] Overall Hit Rate: 0.00% @ http://localhost:9002/_next/static/chunks/%5Broot-of-the-server%5D__6e30a7ee._.js:938
[  240197ms] [TABLE] [] @ http://localhost:9002/_next/static/chunks/%5Broot-of-the-server%5D__6e30a7ee._.js:939
[  264841ms] [LOG] [Fast Refresh] rebuilding @ http://localhost:9002/_next/static/chunks/node_modules_next_dist_client_cf1d9188._.js:5949
[  264866ms] [LOG] [Fast Refresh] done in 17ms @ http://localhost:9002/_next/static/chunks/node_modules_next_dist_client_cf1d9188._.js:5809
[  269506ms] [LOG] [Fast Refresh] rebuilding @ http://localhost:9002/_next/static/chunks/node_modules_next_dist_client_cf1d9188._.js:5949
[  269534ms] [LOG] [Fast Refresh] done in 9ms @ http://localhost:9002/_next/static/chunks/node_modules_next_dist_client_cf1d9188._.js:5809
[  270197ms] [LOG] Overall Hit Rate: 0.00% @ http://localhost:9002/_next/static/chunks/%5Broot-of-the-server%5D__6e30a7ee._.js:938
[  270197ms] [TABLE] [] @ http://localhost:9002/_next/static/chunks/%5Broot-of-the-server%5D__6e30a7ee._.js:939
[  270197ms] [LOG] Overall Hit Rate: 0.00% @ http://localhost:9002/_next/static/chunks/%5Broot-of-the-server%5D__6e30a7ee._.js:938
[  270197ms] [TABLE] [] @ http://localhost:9002/_next/static/chunks/%5Broot-of-the-server%5D__6e30a7ee._.js:939
[  300197ms] [LOG] Overall Hit Rate: 0.00% @ http://localhost:9002/_next/static/chunks/%5Broot-of-the-server%5D__6e30a7ee._.js:938
[  300197ms] [TABLE] [] @ http://localhost:9002/_next/static/chunks/%5Broot-of-the-server%5D__6e30a7ee._.js:939
[  300197ms] [LOG] Overall Hit Rate: 0.00% @ http://localhost:9002/_next/static/chunks/%5Broot-of-the-server%5D__6e30a7ee._.js:938
[  300197ms] [TABLE] [] @ http://localhost:9002/_next/static/chunks/%5Broot-of-the-server%5D__6e30a7ee._.js:939
[  330198ms] [LOG] Overall Hit Rate: 0.00% @ http://localhost:9002/_next/static/chunks/%5Broot-of-the-server%5D__6e30a7ee._.js:938
[  330198ms] [TABLE] [] @ http://localhost:9002/_next/static/chunks/%5Broot-of-the-server%5D__6e30a7ee._.js:939
[  330198ms] [LOG] Overall Hit Rate: 0.00% @ http://localhost:9002/_next/static/chunks/%5Broot-of-the-server%5D__6e30a7ee._.js:938
[  330198ms] [TABLE] [] @ http://localhost:9002/_next/static/chunks/%5Broot-of-the-server%5D__6e30a7ee._.js:939
[  360198ms] [LOG] Overall Hit Rate: 0.00% @ http://localhost:9002/_next/static/chunks/%5Broot-of-the-server%5D__6e30a7ee._.js:938
[  360198ms] [TABLE] [] @ http://localhost:9002/_next/static/chunks/%5Broot-of-the-server%5D__6e30a7ee._.js:939
[  360198ms] [LOG] Overall Hit Rate: 0.00% @ http://localhost:9002/_next/static/chunks/%5Broot-of-the-server%5D__6e30a7ee._.js:938
[  360198ms] [TABLE] [] @ http://localhost:9002/_next/static/chunks/%5Broot-of-the-server%5D__6e30a7ee._.js:939
[  390202ms] [LOG] Overall Hit Rate: 0.00% @ http://localhost:9002/_next/static/chunks/%5Broot-of-the-server%5D__6e30a7ee._.js:938
[  390202ms] [TABLE] [] @ http://localhost:9002/_next/static/chunks/%5Broot-of-the-server%5D__6e30a7ee._.js:939
[  390202ms] [LOG] Overall Hit Rate: 0.00% @ http://localhost:9002/_next/static/chunks/%5Broot-of-the-server%5D__6e30a7ee._.js:938
[  390202ms] [TABLE] [] @ http://localhost:9002/_next/static/chunks/%5Broot-of-the-server%5D__6e30a7ee._.js:939
[  420199ms] [LOG] Overall Hit Rate: 0.00% @ http://localhost:9002/_next/static/chunks/%5Broot-of-the-server%5D__6e30a7ee._.js:938
[  420199ms] [TABLE] [] @ http://localhost:9002/_next/static/chunks/%5Broot-of-the-server%5D__6e30a7ee._.js:939
[  420199ms] [LOG] Overall Hit Rate: 0.00% @ http://localhost:9002/_next/static/chunks/%5Broot-of-the-server%5D__6e30a7ee._.js:938
[  420199ms] [TABLE] [] @ http://localhost:9002/_next/static/chunks/%5Broot-of-the-server%5D__6e30a7ee._.js:939
[  450199ms] [LOG] Overall Hit Rate: 0.00% @ http://localhost:9002/_next/static/chunks/%5Broot-of-the-server%5D__6e30a7ee._.js:938
[  450199ms] [TABLE] [] @ http://localhost:9002/_next/static/chunks/%5Broot-of-the-server%5D__6e30a7ee._.js:939
[  450199ms] [LOG] Overall Hit Rate: 0.00% @ http://localhost:9002/_next/static/chunks/%5Broot-of-the-server%5D__6e30a7ee._.js:938
[  450199ms] [TABLE] [] @ http://localhost:9002/_next/static/chunks/%5Broot-of-the-server%5D__6e30a7ee._.js:939
[  480203ms] [LOG] Overall Hit Rate: 0.00% @ http://localhost:9002/_next/static/chunks/%5Broot-of-the-server%5D__6e30a7ee._.js:938
[  480203ms] [TABLE] [] @ http://localhost:9002/_next/static/chunks/%5Broot-of-the-server%5D__6e30a7ee._.js:939
[  480203ms] [LOG] Overall Hit Rate: 0.00% @ http://localhost:9002/_next/static/chunks/%5Broot-of-the-server%5D__6e30a7ee._.js:938
[  480203ms] [TABLE] [] @ http://localhost:9002/_next/static/chunks/%5Broot-of-the-server%5D__6e30a7ee._.js:939
[  510202ms] [LOG] Overall Hit Rate: 0.00% @ http://localhost:9002/_next/static/chunks/%5Broot-of-the-server%5D__6e30a7ee._.js:938
[  510202ms] [TABLE] [] @ http://localhost:9002/_next/static/chunks/%5Broot-of-the-server%5D__6e30a7ee._.js:939
[  510202ms] [LOG] Overall Hit Rate: 0.00% @ http://localhost:9002/_next/static/chunks/%5Broot-of-the-server%5D__6e30a7ee._.js:938
[  510203ms] [TABLE] [] @ http://localhost:9002/_next/static/chunks/%5Broot-of-the-server%5D__6e30a7ee._.js:939
